<?xml version="1.0" encoding="UTF-8"?>
<!-- Generated by org.testng.reporters.JUnitReportReporter -->
<testsuite hostname="WMLI122597" name="Cucumber.TestRunner" tests="1" failures="0" timestamp="14 Sep 2019 15:59:17 GMT" time="25.102" errors="0">
  <testcase name="feature" time="25.102" classname="Cucumber.TestRunner"/>
</testsuite> <!-- Cucumber.TestRunner -->
