<?xml version="1.0" encoding="UTF-8"?>
<!-- Generated by org.testng.reporters.JUnitReportReporter -->
<testsuite hostname="WMLI122597" name="REST.RestDemo" tests="2" failures="0" timestamp="13 Sep 2019 09:34:42 GMT" time="0.447" errors="0">
  <testcase name="ReadDataFromFile" time="0.446" classname="REST.RestDemo"/>
  <testcase name="PrintData" time="0.001" classname="REST.RestDemo"/>
</testsuite> <!-- REST.RestDemo -->
