<?xml version="1.0" encoding="UTF-8"?>
<!-- Generated by org.testng.reporters.JUnitReportReporter -->
<testsuite hostname="WMLI122597" name="Norwegian.CheckLinks" tests="5" failures="0" timestamp="13 Sep 2019 11:19:49 GMT" time="12.365" errors="0">
  <testcase name="printTitleOfLinks" time="10.574" classname="Norwegian.CheckLinks"/>
  <testcase name="checkTitleOfLinks" time="0.759" classname="Norwegian.CheckLinks"/>
  <testcase name="numberOfLinks" time="0.129" classname="Norwegian.CheckLinks"/>
  <testcase name="clickOnLinks" time="0.868" classname="Norwegian.CheckLinks"/>
  <testcase name="findFooter" time="0.035" classname="Norwegian.CheckLinks"/>
</testsuite> <!-- Norwegian.CheckLinks -->
