<?xml version="1.0" encoding="UTF-8"?>
<!-- Generated by org.testng.reporters.JUnitReportReporter -->
<testsuite hostname="WMLI122597" name="SystemBolaget.Demo1" tests="1" failures="0" timestamp="23 Aug 2019 18:32:52 GMT" time="46.351" errors="0">
  <testcase name="LogIn" time="46.351" classname="SystemBolaget.Demo1"/>
</testsuite> <!-- SystemBolaget.Demo1 -->
