<?xml version="1.0" encoding="UTF-8"?>
<!-- Generated by org.testng.reporters.JUnitReportReporter -->
<testsuite skipped="0" hostname="WMLI122597" name="Cucumber.TestRunner" tests="1" failures="0" timestamp="14 sep 2019 16:08:55 GMT" time="28.639" errors="0">
  <testcase name="feature" time="28.639" classname="Cucumber.TestRunner"/>
</testsuite> <!-- Cucumber.TestRunner -->
