<?xml version="1.0" encoding="UTF-8"?>
<!-- Generated by org.testng.reporters.JUnitReportReporter -->
<testsuite skipped="0" hostname="WMLI122597" name="SystemBolaget.Login" tests="3" failures="0" timestamp="14 sep 2019 16:08:55 GMT" time="2.204" errors="0">
  <testcase name="SearchResult" time="0.968" classname="SystemBolaget.Login"/>
  <testcase name="Search" time="1.123" classname="SystemBolaget.Login"/>
  <testcase name="LogIn" time="0.113" classname="SystemBolaget.Login"/>
</testsuite> <!-- SystemBolaget.Login -->
